<?xml version="1.0" encoding="UTF-8"?>
<!-- Generated by org.testng.reporters.JUnitReportReporter -->
<testsuite hostname="DESKTOP-MBLBABS" failures="0" tests="1"
	name="script.PropertyFile" time="5.750" errors="0"
	timestamp="2023-04-07T11:43:44 IST" skipped="0">
	<testcase classname="script.PropertyFile" name="configReader"
		time="5.750" />
	<system-out />
</testsuite> <!-- script.PropertyFile -->
