<?xml version="1.0" encoding="UTF-8"?>
<!-- Generated by org.testng.reporters.JUnitReportReporter -->
<testsuite hostname="DESKTOP-MBLBABS" failures="0" tests="2"
	name="script.Takescreen" time="17.017" errors="0"
	timestamp="2023-04-07T11:35:10 IST" skipped="0">
	<testcase classname="script.Takescreen" name="login"
		time="10.963" />
	<system-out />
	<testcase classname="script.Takescreen" name="logout"
		time="6.054" />
	<system-out />
</testsuite> <!-- script.Takescreen -->
